[debug] [2020-12-07T23:11:36.896Z] ----------------------------------------------------------------------
[debug] [2020-12-07T23:11:36.898Z] Command:       /Users/emilymckinney/.nvm/versions/node/v12.9.0/bin/node /usr/local/bin/firebase deploy
[debug] [2020-12-07T23:11:36.899Z] CLI Version:   8.17.0
[debug] [2020-12-07T23:11:36.899Z] Platform:      darwin
[debug] [2020-12-07T23:11:36.899Z] Node Version:  v12.9.0
[debug] [2020-12-07T23:11:36.903Z] Time:          Mon Dec 07 2020 17:11:36 GMT-0600 (Central Standard Time)
[debug] [2020-12-07T23:11:36.903Z] ----------------------------------------------------------------------
[debug] [2020-12-07T23:11:36.904Z] 
[debug] [2020-12-07T23:11:36.916Z] > command requires scopes: ["email","openid","https://www.googleapis.com/auth/cloudplatformprojects.readonly","https://www.googleapis.com/auth/firebase","https://www.googleapis.com/auth/cloud-platform"]
[debug] [2020-12-07T23:11:36.917Z] > authorizing via signed-in user
[debug] [2020-12-07T23:11:36.917Z] [iam] checking project emilymckinney-599d1 for permissions ["firebase.projects.get","firebasehosting.sites.update"]
[debug] [2020-12-07T23:11:36.921Z] >>> HTTP REQUEST POST https://cloudresourcemanager.googleapis.com/v1/projects/emilymckinney-599d1:testIamPermissions  
 {"permissions":["firebase.projects.get","firebasehosting.sites.update"]}
[debug] [2020-12-07T23:11:37.143Z] <<< HTTP RESPONSE 200 {"content-type":"application/json; charset=UTF-8","vary":"X-Origin, Referer, Origin,Accept-Encoding","date":"Mon, 07 Dec 2020 23:11:37 GMT","server":"ESF","cache-control":"private","x-xss-protection":"0","x-frame-options":"SAMEORIGIN","x-content-type-options":"nosniff","server-timing":"gfet4t7; dur=47","alt-svc":"h3-29=\":443\"; ma=2592000,h3-T051=\":443\"; ma=2592000,h3-Q050=\":443\"; ma=2592000,h3-Q046=\":443\"; ma=2592000,h3-Q043=\":443\"; ma=2592000,quic=\":443\"; ma=2592000; v=\"46,43\"","accept-ranges":"none","transfer-encoding":"chunked"}
[debug] [2020-12-07T23:11:37.145Z] >>> HTTP REQUEST GET https://firebase.googleapis.com/v1beta1/projects/emilymckinney-599d1  
 
[debug] [2020-12-07T23:11:37.361Z] <<< HTTP RESPONSE 200 {"content-type":"application/json; charset=UTF-8","vary":"X-Origin, Referer, Origin,Accept-Encoding","date":"Mon, 07 Dec 2020 23:11:37 GMT","server":"ESF","cache-control":"private","x-xss-protection":"0","x-frame-options":"SAMEORIGIN","x-content-type-options":"nosniff","alt-svc":"h3-29=\":443\"; ma=2592000,h3-T051=\":443\"; ma=2592000,h3-Q050=\":443\"; ma=2592000,h3-Q046=\":443\"; ma=2592000,h3-Q043=\":443\"; ma=2592000,quic=\":443\"; ma=2592000; v=\"46,43\"","accept-ranges":"none","transfer-encoding":"chunked"}
[info] 
[info] === Deploying to 'emilymckinney-599d1'...
[info] 
[info] i  deploying hosting 
[debug] [2020-12-07T23:11:37.369Z] >>> HTTP REQUEST POST https://firebasehosting.googleapis.com/v1beta1/sites/emilymckinney-599d1/versions  
 {"config":{"rewrites":[{"glob":"**","path":"/index.html"}]},"labels":{"deployment-tool":"cli-firebase"}}
[debug] [2020-12-07T23:11:37.940Z] <<< HTTP RESPONSE 200 {"content-type":"application/json; charset=UTF-8","vary":"X-Origin, Referer, Origin,Accept-Encoding","date":"Mon, 07 Dec 2020 23:11:37 GMT","server":"ESF","cache-control":"private","x-xss-protection":"0","x-frame-options":"SAMEORIGIN","x-content-type-options":"nosniff","alt-svc":"h3-29=\":443\"; ma=2592000,h3-T051=\":443\"; ma=2592000,h3-Q050=\":443\"; ma=2592000,h3-Q046=\":443\"; ma=2592000,h3-Q043=\":443\"; ma=2592000,quic=\":443\"; ma=2592000; v=\"46,43\"","accept-ranges":"none","transfer-encoding":"chunked"}
[info] i  hosting[emilymckinney-599d1]: beginning deploy... 
[info] i  hosting[emilymckinney-599d1]: found 70 files in build 
[debug] [2020-12-07T23:11:38.943Z] > refreshing access token with scopes: []
[debug] [2020-12-07T23:11:38.943Z] >>> HTTP REQUEST POST https://www.googleapis.com/oauth2/v3/token  
 <request body omitted>
[debug] [2020-12-07T23:11:38.946Z] [hosting] hash cache [YnVpbGQ] stored for 70 files
[debug] [2020-12-07T23:11:38.946Z] [hosting][hash queue][FINAL] {"max":969,"min":86,"avg":262.2857142857143,"active":0,"complete":70,"success":70,"errored":0,"retried":0,"total":70,"elapsed":984}
[debug] [2020-12-07T23:11:39.106Z] <<< HTTP RESPONSE 200 {"cache-control":"no-cache, no-store, max-age=0, must-revalidate","date":"Mon, 07 Dec 2020 23:11:39 GMT","pragma":"no-cache","expires":"Mon, 01 Jan 1990 00:00:00 GMT","content-type":"application/json; charset=utf-8","vary":"X-Origin, Referer, Origin,Accept-Encoding","server":"scaffolding on HTTPServer2","x-xss-protection":"0","x-frame-options":"SAMEORIGIN","x-content-type-options":"nosniff","alt-svc":"h3-29=\":443\"; ma=2592000,h3-T051=\":443\"; ma=2592000,h3-Q050=\":443\"; ma=2592000,h3-Q046=\":443\"; ma=2592000,h3-Q043=\":443\"; ma=2592000,quic=\":443\"; ma=2592000; v=\"46,43\"","accept-ranges":"none","transfer-encoding":"chunked"}
[debug] [2020-12-07T23:11:39.116Z] >>> [apiv2][query] POST https://firebasehosting.googleapis.com/v1beta1/sites/emilymckinney-599d1/versions/d39d12094e472ccd:populateFiles [none]
[debug] [2020-12-07T23:11:39.116Z] >>> [apiv2][body] POST https://firebasehosting.googleapis.com/v1beta1/sites/emilymckinney-599d1/versions/d39d12094e472ccd:populateFiles {"files":{"/asset-manifest.json":"eff88b2aa5da1c01053ff6b5b2a1979f97885d17b1f9fcf081de84a9b7ee216d","/index.html":"d817394430e85a1b49e891f40a1065fb0bf9715b968bc7cea21f767bd19ad86b","/favicondefault.ico":"a08fa4488c3ecef62d9effd03b3a989929bdcbecf5e905941f9034a15bd3dba3","/manifest.json":"4ada7844df7bf1236190dd9b3e8b596c4eabc85783d40a04b280e4df7360b758","/logo192.png":"caff018b7f1e8fd481eb1c50d75b0ef236bcd5078b1d15c8bb348453fee30293","/service-worker.js":"c7b72b6da4ef719131b0a337c867e12ddfe338b8a49aa0adbd25195afbe57652","/precache-manifest.929e7fd8c7b7c8abc4717cb8cab39982.js":"854ae232ac738f6e7cc81bb67df2eac712edf2de991566a7af7443bd1fa74c56","/robots.txt":"391d14b3c2f8c9143a27a28c7399585142228d4d1bdbe2c87ac946de411fa9a2","/logo512.png":"191fc21360b4ccfb1cda11a1efb97f489ed22672ca83f4064316802bbfdd750e","/favicon_package/EM.png":"24422b33ac8c09a2e395bcc4ee77c29b32a2592b6b0171439b68364633cf7ca7","/favicon_package/android-chrome-192x192.png":"3c72902ca38587a1f0c656b2c5302dedb5ccde2e9e7cfba4d2e2b7d8f03779c4","/favicon_package/android-chrome-256x256.png":"4e8e8cec88e46fbf3139af5189b8ff192083111ceb6de6734748605b77a27cb5","/favicon.ico":"3eee5e7ac4da912e996d6fbbef513ef0eb6425c9cecc95b580c12a7ffc3f0684","/favicon_package/apple-touch-icon.png":"62bb252b54bb2b8f31521f7f565718b149d935e3dee5e9e41be0593062992bc4","/favicon_package/browserconfig.xml":"387700b215323df4128260cb46f4b889132b2bd5fe143a6cee9ec6fa2d15b782","/favicon_package/favicon-16x16.png":"31074331bdd9a381b3f665428aea01404464ccf67395d22f28429fe055a0e981","/favicon_package/favicon-32x32.png":"510e5df1710341d01d6a83f47745604086a346ce76a9c53741f885bc1f58e8e2","/favicon_package/site.webmanifest":"17ad4e1d19b0738c7906febdc5352829c6eb046e86608030dd9dc7c44d8d8c5b","/favicon_package/mstile-150x150.png":"d9abf089897fb519631f9964e935798261b2bb5ebd441452edf6b6ca6b980f65","/favicon_package/safari-pinned-tab.svg":"db7b6007d0e60ae5f4efa29db6c94ae81684dafefd27484488b457cf1686acd5","/favicon_package/favicon.ico":"3eee5e7ac4da912e996d6fbbef513ef0eb6425c9cecc95b580c12a7ffc3f0684","/static/css/main.f42c8011.chunk.css":"6bd125e526901dbeae0cf70bf6ccb99b68a85afb69d38d24c5fe041424c16994","/static/js/2.3defdbb5.chunk.js.LICENSE.txt":"6a7e00ff2c609214a076e1e32619266c53e31c317a68d8de14aa4b6849215dfe","/static/css/main.f42c8011.chunk.css.map":"d803ff865fad1d4b49a47175a81f6d92757bb8a70f793f07cda53b27f80ecb4d","/static/js/runtime-main.a98ec1ca.js":"d911863c86f7df2bb9574cfb08336bafd5cccb79c08185a79c9af68e6b550514","/img/white.png":"53306db4b74804f60dd4a3fdceab227e88bb29f762d481e1e79902af2123236b","/static/js/runtime-main.a98ec1ca.js.map":"41b2ec192a90de7cf02138d56e00d21c411d1915e29ba47641d262048476d36a","/static/js/main.7a9bbc44.chunk.js.map":"18b2189b0675ec5e795bea0597b9768874207342a2e9452c6409a23b08bde277","/static/media/flags.9c74e172.png":"e88a6574e41ed3a7a5f2514c2791057f834e85ae01f7dd83c901afa45c72209d","/static/media/brand-icons.a046592b.woff":"a273abbc7b61349a118224a44d65de7d120a2d0f691cb30a03b1f960ee908eb8","/static/media/brand-icons.e8c322de.woff2":"431111d973342f701beaea76f65a82de9c76c5129f2aee9bb7eb20e11b8d1405","/static/media/outline-icons.701ae6ab.eot":"5fde7caeeff326bde2a28ebf47c1dd91e521bf0c76b68a00259dc5e7ca31248a","/static/media/outline-icons.cd6c777f.woff2":"6700f0e34054fbca8c9aa4588c7759c4cd420b72e28bc7e97ccd049c9c44cd9a","/static/media/outline-icons.ef60a4f6.woff":"f8b7bec973edfafd27b1fe4d7f0184288bfc25f10e064092c367fac1f7614593","/static/media/outline-icons.ad97afd3.ttf":"9ff85811994b86fbc3a41181bb13bcd7d7d88aad292cab16b817a6534be32429","/static/media/brand-icons.13db00b7.eot":"ddc859401ef676867d40bc1be611b1df2d29c0c8ac55b48865bd4f0f6f93a583","/static/media/lora-latin-400.0d78d370.woff":"4927d77b42a5351082569d4930835f9e0b5538205eb482280a014a7a282f6f25","/static/media/lora-latin-400.e4cdb14b.woff2":"f0cb8d0c13bf3bfb5d190a116d818a51b6d9ab033e651fdae8a4dad10573a449","/static/media/lora-latin-400italic.7beffbac.woff":"79059da36e06d3dff7c3fd16ac688aba621d933cb16cfb63c217417b4c6aad01","/static/media/lora-latin-700.1617380e.woff":"cc2d3ff873f5aff21a755cb3bc14071b3a10663ba5983cde2a156f99585903ad","/static/media/lora-latin-700.ce18d173.woff2":"a563ebd91d87dac14d04e14c38516f69978632e0ec12bf0ce49db71fc347ab41","/static/media/lora-latin-700italic.6ec37b95.woff":"107969abe2ff19169dcfe5aa8154ac51ed36a93804cc7112a5caa7f70f069822","/static/media/lora-latin-400italic.2c4801fa.woff2":"67f7a96dde3ccdc53903083fb6e69136c50401223374b3341eccd6f9c7902220","/static/media/lora-latin-700italic.b4bb1fa2.woff2":"fd0d50336c15deec5640095a25e817157fcd4142e0cb3446b504278544db3591","/static/media/brand-icons.c5ebe0b3.ttf":"a0825859997f5887a56207a2df6d072ee278a49e26062bf5fbb9a400502fc90a","/static/media/fontawesome-webfont.af7ae505.woff2":"156e171dae6239bcd8304d42163d8b1e6bfd029759d46be88a4e446a51249ba2","/static/media/icons.0ab54153.woff2":"519f78ac7006b79cd6cd8d612383961174c1307bffd80b9f1c1187267be29f6a","/static/media/icons.faff9214.woff":"6ec6c5eaeb4f897ff5a0ce0741b98838454a9a3a384ee572627b9b138efb6b69","/static/media/outline-icons.82f60bd0.svg":"e849c46fa616f090fdcdb229f16fc9d2936715078acf18b66a2f05b9b62f91dc","/static/media/fontawesome-webfont.674f50d2.eot":"9acdf34fe486fad3cfa8ef4aa925ebbe9e955c8a8d127bff4d427620b0eeb643","/static/media/icons.8e3c7f55.eot":"ffc7c15bdbc987604433a6e2e94f8aeb9fdd8ef5f12e66ee1446cc00cccdadc3","/static/media/icons.b87b9ba5.ttf":"1dcac79feb4ad0118b234828e5dc840ac02e5bd55ae239cfaa0ddb9ae2415226","/static/media/fontawesome-webfont.fee66e71.woff":"9cb84ef5f51a04cf0dd3a9aec98c43ad4d44df442b7454c6b448913e36fb0c43","/static/media/fontawesome-webfont.b06871f2.ttf":"225dc03087123b26cb71296d418705ec2e89e826acd04bfe6fc6353a0f5220c8","/img/wateryourplants.png":"3e4e938a797c0de8ca1400fb3869022b0c53eabf01f12b340b389238b7f4ef12","/static/js/2.3defdbb5.chunk.js":"a48c3b0e7a9290df09e713057c8643149e4f920952d229f7bd83ae8870c104b2","/img/d3dataviz.png":"17fd015bfd8dd46506dcf2117aca53c6e5ee9921774573b352a39594fabb2b9d","/img/betaforbeta.png":"8dd48134e9c423c90d4afe5e232a1b3ea27ba143894a4a409cfb5de245d4f931","/static/media/fontawesome-webfont.912ec66d.svg":"303fc405939cc4d296906102b8047b71a4ec14a7b51aa7a2abfaad416ec8fb3c","/img/drawingwater.png":"c0163d803f057dc8eef8371417a7cc94cdf8af6be244df77bb7e54987af0fc45","/static/media/icons.962a1bf3.svg":"14d21ad5f2fddbd49f4a9789fbcb1363521e1d5ee1b85a3cbcc7755703b316ef","/static/css/2.ae06aae0.chunk.css":"5b48fafe202577ec61703690efd6a7b2369e44954588c72d21bdc055d9018fd1","/static/media/brand-icons.a1a749e8.svg":"a12aa43d192f48f7eda1d0b2f670d647bd3e9c951b1e9a0e3c7f93f25842f8be","/img/bg.jpg":"c67ee0ecfe22ed66f3b6b793abdf979355ea980f065e66be23a8ffc44d5ed0c2","/static/js/main.7a9bbc44.chunk.js":"2893112e6c6956d9b5f8653fadc14261ea94f8762c4934482f77795dbb189a37","/static/css/2.ae06aae0.chunk.css.map":"0bbf0c0cb7029db420fb42098aa09139337e8bdc3cdb9cd1dc14d9a4c4fe6708","/static/js/2.3defdbb5.chunk.js.map":"efe1531477245e05fa41947381d1fd5d6d532623fc1c73d88c9451001a2ca4c5","/img/roo.jpg":"7ca1b9aa4f7e5f9b1382d40719103e8ba39f79ac15e257658bef16312927c171","/img/rooswim.jpg":"5a92fe9d304f1f6e59dd080ff4f77ee733f0506bf87f13c98211de4b0789ddf1","/img/rooanne.jpg":"8c9426d7cc9a7d730767df33b543b4a2f158d375d5ee3b5e1c3c80c4329fe2a4"}}
[debug] [2020-12-07T23:11:39.702Z] <<< [apiv2][status] POST https://firebasehosting.googleapis.com/v1beta1/sites/emilymckinney-599d1/versions/d39d12094e472ccd:populateFiles 200
[debug] [2020-12-07T23:11:39.702Z] <<< [apiv2][body] POST https://firebasehosting.googleapis.com/v1beta1/sites/emilymckinney-599d1/versions/d39d12094e472ccd:populateFiles {"uploadRequiredHashes":["2893112e6c6956d9b5f8653fadc14261ea94f8762c4934482f77795dbb189a37","18b2189b0675ec5e795bea0597b9768874207342a2e9452c6409a23b08bde277","d817394430e85a1b49e891f40a1065fb0bf9715b968bc7cea21f767bd19ad86b","854ae232ac738f6e7cc81bb67df2eac712edf2de991566a7af7443bd1fa74c56","c7b72b6da4ef719131b0a337c867e12ddfe338b8a49aa0adbd25195afbe57652","eff88b2aa5da1c01053ff6b5b2a1979f97885d17b1f9fcf081de84a9b7ee216d"],"uploadUrl":"https://upload-firebasehosting.googleapis.com/upload/sites/emilymckinney-599d1/versions/d39d12094e472ccd/files"}
[debug] [2020-12-07T23:11:39.705Z] >>> [apiv2][query] POST https://upload-firebasehosting.googleapis.com/upload/sites/emilymckinney-599d1/versions/d39d12094e472ccd/files/2893112e6c6956d9b5f8653fadc14261ea94f8762c4934482f77795dbb189a37 [none]
[debug] [2020-12-07T23:11:39.705Z] >>> [apiv2][body] POST https://upload-firebasehosting.googleapis.com/upload/sites/emilymckinney-599d1/versions/d39d12094e472ccd/files/2893112e6c6956d9b5f8653fadc14261ea94f8762c4934482f77795dbb189a37 [stream]
[debug] [2020-12-07T23:11:39.707Z] >>> [apiv2][query] POST https://upload-firebasehosting.googleapis.com/upload/sites/emilymckinney-599d1/versions/d39d12094e472ccd/files/18b2189b0675ec5e795bea0597b9768874207342a2e9452c6409a23b08bde277 [none]
[debug] [2020-12-07T23:11:39.707Z] >>> [apiv2][body] POST https://upload-firebasehosting.googleapis.com/upload/sites/emilymckinney-599d1/versions/d39d12094e472ccd/files/18b2189b0675ec5e795bea0597b9768874207342a2e9452c6409a23b08bde277 [stream]
[debug] [2020-12-07T23:11:39.708Z] >>> [apiv2][query] POST https://upload-firebasehosting.googleapis.com/upload/sites/emilymckinney-599d1/versions/d39d12094e472ccd/files/d817394430e85a1b49e891f40a1065fb0bf9715b968bc7cea21f767bd19ad86b [none]
[debug] [2020-12-07T23:11:39.708Z] >>> [apiv2][body] POST https://upload-firebasehosting.googleapis.com/upload/sites/emilymckinney-599d1/versions/d39d12094e472ccd/files/d817394430e85a1b49e891f40a1065fb0bf9715b968bc7cea21f767bd19ad86b [stream]
[debug] [2020-12-07T23:11:39.708Z] >>> [apiv2][query] POST https://upload-firebasehosting.googleapis.com/upload/sites/emilymckinney-599d1/versions/d39d12094e472ccd/files/854ae232ac738f6e7cc81bb67df2eac712edf2de991566a7af7443bd1fa74c56 [none]
[debug] [2020-12-07T23:11:39.709Z] >>> [apiv2][body] POST https://upload-firebasehosting.googleapis.com/upload/sites/emilymckinney-599d1/versions/d39d12094e472ccd/files/854ae232ac738f6e7cc81bb67df2eac712edf2de991566a7af7443bd1fa74c56 [stream]
[debug] [2020-12-07T23:11:39.709Z] >>> [apiv2][query] POST https://upload-firebasehosting.googleapis.com/upload/sites/emilymckinney-599d1/versions/d39d12094e472ccd/files/c7b72b6da4ef719131b0a337c867e12ddfe338b8a49aa0adbd25195afbe57652 [none]
[debug] [2020-12-07T23:11:39.709Z] >>> [apiv2][body] POST https://upload-firebasehosting.googleapis.com/upload/sites/emilymckinney-599d1/versions/d39d12094e472ccd/files/c7b72b6da4ef719131b0a337c867e12ddfe338b8a49aa0adbd25195afbe57652 [stream]
[debug] [2020-12-07T23:11:39.710Z] >>> [apiv2][query] POST https://upload-firebasehosting.googleapis.com/upload/sites/emilymckinney-599d1/versions/d39d12094e472ccd/files/eff88b2aa5da1c01053ff6b5b2a1979f97885d17b1f9fcf081de84a9b7ee216d [none]
[debug] [2020-12-07T23:11:39.710Z] >>> [apiv2][body] POST https://upload-firebasehosting.googleapis.com/upload/sites/emilymckinney-599d1/versions/d39d12094e472ccd/files/eff88b2aa5da1c01053ff6b5b2a1979f97885d17b1f9fcf081de84a9b7ee216d [stream]
[debug] [2020-12-07T23:11:39.711Z] [hosting][populate queue][FINAL] {"max":763,"min":763,"avg":763,"active":0,"complete":1,"success":1,"errored":0,"retried":0,"total":1,"elapsed":769}
[debug] [2020-12-07T23:11:39.711Z] [hosting] uploads queued: 6
[debug] [2020-12-07T23:11:40.375Z] <<< [apiv2][status] POST https://upload-firebasehosting.googleapis.com/upload/sites/emilymckinney-599d1/versions/d39d12094e472ccd/files/c7b72b6da4ef719131b0a337c867e12ddfe338b8a49aa0adbd25195afbe57652 200
[debug] [2020-12-07T23:11:40.375Z] <<< [apiv2][body] POST https://upload-firebasehosting.googleapis.com/upload/sites/emilymckinney-599d1/versions/d39d12094e472ccd/files/c7b72b6da4ef719131b0a337c867e12ddfe338b8a49aa0adbd25195afbe57652 [stream]
[debug] [2020-12-07T23:11:40.409Z] <<< [apiv2][status] POST https://upload-firebasehosting.googleapis.com/upload/sites/emilymckinney-599d1/versions/d39d12094e472ccd/files/854ae232ac738f6e7cc81bb67df2eac712edf2de991566a7af7443bd1fa74c56 200
[debug] [2020-12-07T23:11:40.409Z] <<< [apiv2][body] POST https://upload-firebasehosting.googleapis.com/upload/sites/emilymckinney-599d1/versions/d39d12094e472ccd/files/854ae232ac738f6e7cc81bb67df2eac712edf2de991566a7af7443bd1fa74c56 [stream]
[debug] [2020-12-07T23:11:40.411Z] <<< [apiv2][status] POST https://upload-firebasehosting.googleapis.com/upload/sites/emilymckinney-599d1/versions/d39d12094e472ccd/files/18b2189b0675ec5e795bea0597b9768874207342a2e9452c6409a23b08bde277 200
[debug] [2020-12-07T23:11:40.412Z] <<< [apiv2][body] POST https://upload-firebasehosting.googleapis.com/upload/sites/emilymckinney-599d1/versions/d39d12094e472ccd/files/18b2189b0675ec5e795bea0597b9768874207342a2e9452c6409a23b08bde277 [stream]
[debug] [2020-12-07T23:11:40.412Z] <<< [apiv2][status] POST https://upload-firebasehosting.googleapis.com/upload/sites/emilymckinney-599d1/versions/d39d12094e472ccd/files/eff88b2aa5da1c01053ff6b5b2a1979f97885d17b1f9fcf081de84a9b7ee216d 200
[debug] [2020-12-07T23:11:40.413Z] <<< [apiv2][body] POST https://upload-firebasehosting.googleapis.com/upload/sites/emilymckinney-599d1/versions/d39d12094e472ccd/files/eff88b2aa5da1c01053ff6b5b2a1979f97885d17b1f9fcf081de84a9b7ee216d [stream]
[debug] [2020-12-07T23:11:40.451Z] <<< [apiv2][status] POST https://upload-firebasehosting.googleapis.com/upload/sites/emilymckinney-599d1/versions/d39d12094e472ccd/files/d817394430e85a1b49e891f40a1065fb0bf9715b968bc7cea21f767bd19ad86b 200
[debug] [2020-12-07T23:11:40.451Z] <<< [apiv2][body] POST https://upload-firebasehosting.googleapis.com/upload/sites/emilymckinney-599d1/versions/d39d12094e472ccd/files/d817394430e85a1b49e891f40a1065fb0bf9715b968bc7cea21f767bd19ad86b [stream]
[debug] [2020-12-07T23:11:40.617Z] <<< [apiv2][status] POST https://upload-firebasehosting.googleapis.com/upload/sites/emilymckinney-599d1/versions/d39d12094e472ccd/files/2893112e6c6956d9b5f8653fadc14261ea94f8762c4934482f77795dbb189a37 200
[debug] [2020-12-07T23:11:40.617Z] <<< [apiv2][body] POST https://upload-firebasehosting.googleapis.com/upload/sites/emilymckinney-599d1/versions/d39d12094e472ccd/files/2893112e6c6956d9b5f8653fadc14261ea94f8762c4934482f77795dbb189a37 [stream]
[debug] [2020-12-07T23:11:40.618Z] [hosting][upload queue][FINAL] {"max":914,"min":671,"avg":742.3333333333334,"active":0,"complete":6,"success":6,"errored":0,"retried":0,"total":6,"elapsed":915}
[info] ✔  hosting[emilymckinney-599d1]: file upload complete 
[debug] [2020-12-07T23:11:40.619Z] [hosting] deploy completed after 2678ms
[debug] [2020-12-07T23:11:40.619Z] [
  {
    "config": {
      "public": "build",
      "ignore": [
        "firebase.json",
        "**/.*",
        "**/node_modules/**"
      ],
      "rewrites": [
        {
          "source": "**",
          "destination": "/index.html"
        }
      ],
      "site": "emilymckinney-599d1"
    },
    "site": "emilymckinney-599d1",
    "version": "sites/emilymckinney-599d1/versions/d39d12094e472ccd"
  }
]
[info] i  hosting[emilymckinney-599d1]: finalizing version... 
[debug] [2020-12-07T23:11:40.620Z] > refreshing access token with scopes: ["email","https://www.googleapis.com/auth/cloud-platform","https://www.googleapis.com/auth/cloudplatformprojects.readonly","https://www.googleapis.com/auth/firebase","openid"]
[debug] [2020-12-07T23:11:40.621Z] >>> HTTP REQUEST POST https://www.googleapis.com/oauth2/v3/token  
 <request body omitted>
[debug] [2020-12-07T23:11:40.757Z] <<< HTTP RESPONSE 200 {"date":"Mon, 07 Dec 2020 23:11:40 GMT","pragma":"no-cache","expires":"Mon, 01 Jan 1990 00:00:00 GMT","cache-control":"no-cache, no-store, max-age=0, must-revalidate","content-type":"application/json; charset=utf-8","vary":"X-Origin, Referer, Origin,Accept-Encoding","server":"scaffolding on HTTPServer2","x-xss-protection":"0","x-frame-options":"SAMEORIGIN","x-content-type-options":"nosniff","alt-svc":"h3-29=\":443\"; ma=2592000,h3-T051=\":443\"; ma=2592000,h3-Q050=\":443\"; ma=2592000,h3-Q046=\":443\"; ma=2592000,h3-Q043=\":443\"; ma=2592000,quic=\":443\"; ma=2592000; v=\"46,43\"","accept-ranges":"none","transfer-encoding":"chunked"}
[debug] [2020-12-07T23:11:40.778Z] >>> HTTP REQUEST PATCH https://firebasehosting.googleapis.com/v1beta1/sites/emilymckinney-599d1/versions/d39d12094e472ccd?updateMask=status  
 {"status":"FINALIZED"}
[debug] [2020-12-07T23:11:41.232Z] <<< HTTP RESPONSE 200 {"content-type":"application/json; charset=UTF-8","vary":"X-Origin, Referer, Origin,Accept-Encoding","date":"Mon, 07 Dec 2020 23:11:41 GMT","server":"ESF","cache-control":"private","x-xss-protection":"0","x-frame-options":"SAMEORIGIN","x-content-type-options":"nosniff","alt-svc":"h3-29=\":443\"; ma=2592000,h3-T051=\":443\"; ma=2592000,h3-Q050=\":443\"; ma=2592000,h3-Q046=\":443\"; ma=2592000,h3-Q043=\":443\"; ma=2592000,quic=\":443\"; ma=2592000; v=\"46,43\"","accept-ranges":"none","transfer-encoding":"chunked"}
[debug] [2020-12-07T23:11:41.232Z] [hosting] finalized version for emilymckinney-599d1: {"name":"sites/emilymckinney-599d1/versions/d39d12094e472ccd","status":"FINALIZED","config":{"rewrites":[{"glob":"**","path":"/index.html"}]},"labels":{"deployment-tool":"cli-firebase"},"createTime":"2020-12-07T23:11:37.595335Z","createUser":{"email":"emily.a.mckinney@gmail.com"},"finalizeTime":"2020-12-07T23:11:41.057752Z","finalizeUser":{"email":"emily.a.mckinney@gmail.com"}}
[info] ✔  hosting[emilymckinney-599d1]: version finalized 
[info] i  hosting[emilymckinney-599d1]: releasing new version... 
[debug] [2020-12-07T23:11:41.233Z] >>> HTTP REQUEST POST https://firebasehosting.googleapis.com/v1beta1/sites/emilymckinney-599d1/releases?version_name=sites/emilymckinney-599d1/versions/d39d12094e472ccd  
 {"message":null}
